<?xml version="1.0" encoding="UTF-8"?>
<testsuite name="IngredientTest" tests="10" skipped="0" failures="0" errors="0" timestamp="2016-05-12T18:48:42" hostname="epicodus-50.local" time="0.273">
  <properties/>
  <testcase name="save_savesObjectIntoDatabase_true" classname="IngredientTest" time="0.115"/>
  <testcase name="Ingredient_InstantiatesWithString_String" classname="IngredientTest" time="0.006"/>
  <testcase name="getRecipes_getsIngredientForARecipe_true" classname="IngredientTest" time="0.03"/>
  <testcase name="addRecipe_addsRecipeToIngredient_true" classname="IngredientTest" time="0.027"/>
  <testcase name="update_updateIngredientNameInDatabase_true" classname="IngredientTest" time="0.018"/>
  <testcase name="find_findIngredientInDatabase_true" classname="IngredientTest" time="0.018"/>
  <testcase name="delete_deletesAllRecipesAndIngredientsAssociations" classname="IngredientTest" time="0.029"/>
  <testcase name="save_assignsIdToObject_int" classname="IngredientTest" time="0.014"/>
  <testcase name="all_EmptyAtFirst_true" classname="IngredientTest" time="0.009"/>
  <testcase name="equals_returnsTrueIfIngredientsAreTheSame_true" classname="IngredientTest" time="0.005"/>
  <system-out><![CDATA[]]></system-out>
  <system-err><![CDATA[]]></system-err>
</testsuite>
