<?xml version="1.0" encoding="UTF-8"?>
<testsuite name="TagTest" tests="10" skipped="0" failures="0" errors="0" timestamp="2016-05-12T00:49:35" hostname="epicodus-68.local" time="0.164">
  <properties/>
  <testcase name="save_savesObjectIntoDatabase_true" classname="TagTest" time="0.016"/>
  <testcase name="addRecipe_addsRecipeToTag_true" classname="TagTest" time="0.024"/>
  <testcase name="equals_returnsTrueIfDescriptionsAreTheSame_true" classname="TagTest" time="0.005"/>
  <testcase name="getRecipes_getsRecipesForATag_true" classname="TagTest" time="0.023"/>
  <testcase name="deleteTags_deletesTagsfromDatabase_true" classname="TagTest" time="0.028"/>
  <testcase name="Tag_InstantiatesWithString_true" classname="TagTest" time="0.005"/>
  <testcase name="update_updateTagNameInDatabase_true" classname="TagTest" time="0.019"/>
  <testcase name="save_assignsIdToObject_int" classname="TagTest" time="0.014"/>
  <testcase name="all_EmptyAtFirst_true" classname="TagTest" time="0.009"/>
  <testcase name="find_findTagInDatabase_true" classname="TagTest" time="0.019"/>
  <system-out><![CDATA[]]></system-out>
  <system-err><![CDATA[]]></system-err>
</testsuite>
