<?xml version="1.0" encoding="UTF-8"?>
<testsuite name="RecipeTest" tests="14" skipped="0" failures="0" errors="0" timestamp="2016-05-12T18:48:42" hostname="epicodus-50.local" time="0.237">
  <properties/>
  <testcase name="save_savesObjectIntoDatabase_true" classname="RecipeTest" time="0.015"/>
  <testcase name="find_findRecipeInDatabase_true" classname="RecipeTest" time="0.018"/>
  <testcase name="equals_returnsTrueIfDescriptionsAreTheSame_true" classname="RecipeTest" time="0.004"/>
  <testcase name="updateInstructions_updateRecipeInstructionsInDatabase_true" classname="RecipeTest" time="0.017"/>
  <testcase name="delete_deletesAllRecipesFromRecipesTableAndAssociationsTables" classname="RecipeTest" time="0.026"/>
  <testcase name="getTags_getsTagForARecipe_true" classname="RecipeTest" time="0.023"/>
  <testcase name="updateName_updateRecipeNameInDatabase_true" classname="RecipeTest" time="0.017"/>
  <testcase name="getIngredient_getsIngredientsForARecipe_true" classname="RecipeTest" time="0.023"/>
  <testcase name="addTag_addsTagToRecipe_true" classname="RecipeTest" time="0.022"/>
  <testcase name="save_assignsIdToObject_int" classname="RecipeTest" time="0.013"/>
  <testcase name="addIngredient_addsIngredientToRecipe_true" classname="RecipeTest" time="0.021"/>
  <testcase name="all_EmptyAtFirst_true" classname="RecipeTest" time="0.008"/>
  <testcase name="getRatings_retrievesAllRatingsFromDatabase_List" classname="RecipeTest" time="0.022"/>
  <testcase name="Recipe_InstantiatesWithString_true" classname="RecipeTest" time="0.005"/>
  <system-out><![CDATA[]]></system-out>
  <system-err><![CDATA[]]></system-err>
</testsuite>
