<?xml version="1.0" encoding="UTF-8"?>
<testsuite name="TagTest" tests="10" skipped="0" failures="0" errors="0" timestamp="2016-05-12T18:48:42" hostname="epicodus-50.local" time="0.151">
  <properties/>
  <testcase name="save_savesObjectIntoDatabase_true" classname="TagTest" time="0.013"/>
  <testcase name="equals_returnsTrueIfTagObjectsAreTheSame_true" classname="TagTest" time="0.005"/>
  <testcase name="addRecipe_addsRecipeToTag_true" classname="TagTest" time="0.023"/>
  <testcase name="getRecipes_getsRecipesForATag_true" classname="TagTest" time="0.022"/>
  <testcase name="deleteTags_deletesTagsfromDatabase_true" classname="TagTest" time="0.027"/>
  <testcase name="Tag_InstantiatesWithString_true" classname="TagTest" time="0.005"/>
  <testcase name="update_updateTagNameInDatabase_true" classname="TagTest" time="0.016"/>
  <testcase name="save_assignsIdToObject_int" classname="TagTest" time="0.012"/>
  <testcase name="all_EmptyAtFirst_true" classname="TagTest" time="0.009"/>
  <testcase name="find_findTagInDatabase_true" classname="TagTest" time="0.017"/>
  <system-out><![CDATA[]]></system-out>
  <system-err><![CDATA[]]></system-err>
</testsuite>
