<?xml version="1.0" encoding="UTF-8"?>
<testsuite name="RatingTest" tests="9" skipped="0" failures="0" errors="0" timestamp="2016-05-12T18:48:42" hostname="epicodus-50.local" time="0.111">
  <properties/>
  <testcase name="getRecipeId_ReturnsCorrectRecipeID_int" classname="RatingTest" time="0.005"/>
  <testcase name="equals_returnsTrueIfDescriptionsAreTheSame_true" classname="RatingTest" time="0.005"/>
  <testcase name="delete_deletesAllRatings" classname="RatingTest" time="0.017"/>
  <testcase name="updateRecipeID_updateRecipeIDColumnInDatabase_true" classname="RatingTest" time="0.018"/>
  <testcase name="all_RatingsTableInDBIsEmptyAtFirst_true" classname="RatingTest" time="0.008"/>
  <testcase name="getRating_InstantiatesWithString_true" classname="RatingTest" time="0.006"/>
  <testcase name="find_findCorrectRatingInDatabaseUsingId_true" classname="RatingTest" time="0.017"/>
  <testcase name="save_assignsCorrectIdToObject_int" classname="RatingTest" time="0.014"/>
  <testcase name="save_savesRatingObjectIntoDatabase_true" classname="RatingTest" time="0.016"/>
  <system-out><![CDATA[]]></system-out>
  <system-err><![CDATA[]]></system-err>
</testsuite>
